<?xml version="1.0" encoding="UTF-8"?>
<testng-results skipped="0" failed="0" total="1" passed="1">
  <reporter-output>
  </reporter-output>
  <suite name="Default suite" duration-ms="12886" started-at="2019-09-13T07:58:20Z" finished-at="2019-09-13T07:58:33Z">
    <groups>
    </groups>
    <test name="Default test" duration-ms="12886" started-at="2019-09-13T07:58:20Z" finished-at="2019-09-13T07:58:33Z">
      <class name="com.ProjectName.ModuleName.newTestCase.NewTestCaseForGmail">
        <test-method status="PASS" signature="loadingFilesAndBrowsers()[pri:0, instance:com.ProjectName.ModuleName.newTestCase.NewTestCaseForGmail@7fc229ab]" name="loadingFilesAndBrowsers" is-config="true" duration-ms="7572" started-at="2019-09-13T13:28:20Z" finished-at="2019-09-13T13:28:28Z">
          <reporter-output>
          </reporter-output>
        </test-method> <!-- loadingFilesAndBrowsers -->
        <test-method status="PASS" signature="gmailTest(java.util.Hashtable)[pri:0, instance:com.ProjectName.ModuleName.newTestCase.NewTestCaseForGmail@7fc229ab]" name="gmailTest" duration-ms="3272" started-at="2019-09-13T13:28:28Z" data-provider="Data_collection" finished-at="2019-09-13T13:28:31Z">
          <params>
            <param index="0">
              <value>
                <![CDATA[{EmailID=praveenjaldawar, Password=1.2345678E7}]]>
              </value>
            </param>
          </params>
          <reporter-output>
          </reporter-output>
        </test-method> <!-- gmailTest -->
        <test-method status="PASS" signature="tearDown()[pri:0, instance:com.ProjectName.ModuleName.newTestCase.NewTestCaseForGmail@7fc229ab]" name="tearDown" is-config="true" duration-ms="2000" started-at="2019-09-13T13:28:31Z" finished-at="2019-09-13T13:28:33Z">
          <reporter-output>
          </reporter-output>
        </test-method> <!-- tearDown -->
      </class> <!-- com.ProjectName.ModuleName.newTestCase.NewTestCaseForGmail -->
    </test> <!-- Default test -->
  </suite> <!-- Default suite -->
</testng-results>
